<?xml version="1.0" encoding="UTF-8"?>
<!-- Generated by org.testng.reporters.JUnitReportReporter -->
<testsuite skipped="0" hostname="innoraft-Lenovo-G50-70" name="com.G99Bank.qa.Testcases.NewCustomerPageTest" tests="2" failures="0" timestamp="05 Mar 2019 16:42:44 GMT" time="21.472" errors="0">
  <testcase name="VerifyNewCustomerTitleTest" time="10.716" classname="com.G99Bank.qa.Testcases.NewCustomerPageTest"/>
  <testcase name="verifyAddCustomertextTest" time="10.756" classname="com.G99Bank.qa.Testcases.NewCustomerPageTest"/>
</testsuite> <!-- com.G99Bank.qa.Testcases.NewCustomerPageTest -->
