<?xml version="1.0" encoding="UTF-8"?>
<!-- Generated by org.testng.reporters.JUnitReportReporter -->
<testsuite skipped="0" hostname="innoraft-Lenovo-G50-70" name="com.G99Bank.qa.Testcases.HomePageTest" tests="4" failures="0" timestamp="19 Mar 2019 12:37:48 GMT" time="46.934" errors="0">
  <testcase name="VerifyHomePageTitleTest" time="10.908" classname="com.G99Bank.qa.Testcases.HomePageTest"/>
  <testcase name="verifyUserCredTest" time="10.737" classname="com.G99Bank.qa.Testcases.HomePageTest"/>
  <testcase name="ClickOnNewCustomerLinkTest" time="12.628" classname="com.G99Bank.qa.Testcases.HomePageTest"/>
  <testcase name="ClickOnEditCustomerLinkTest" time="12.661" classname="com.G99Bank.qa.Testcases.HomePageTest"/>
</testsuite> <!-- com.G99Bank.qa.Testcases.HomePageTest -->
