<?xml version="1.0" encoding="UTF-8"?>
<!-- Generated by org.testng.reporters.JUnitReportReporter -->
<testsuite skipped="0" hostname="innoraft-Lenovo-G50-70" name="com.G99Bank.qa.Testcases.LoginPageTest" tests="3" failures="0" timestamp="19 Mar 2019 12:37:48 GMT" time="25.157" errors="0">
  <testcase name="LoginPageTitleTest" time="8.805" classname="com.G99Bank.qa.Testcases.LoginPageTest"/>
  <testcase name="G99LogoTest" time="8.177" classname="com.G99Bank.qa.Testcases.LoginPageTest"/>
  <testcase name="logintest" time="8.175" classname="com.G99Bank.qa.Testcases.LoginPageTest"/>
</testsuite> <!-- com.G99Bank.qa.Testcases.LoginPageTest -->
