<?xml version="1.0" encoding="UTF-8"?>
<!-- Generated by org.testng.reporters.JUnitReportReporter -->
<testsuite skipped="0" hostname="innoraft-Lenovo-G50-70" name="com.G99Bank.qa.Testcases.LoginPageTest" tests="3" failures="0" timestamp="04 Mar 2019 12:58:34 GMT" time="27.254" errors="0">
  <testcase name="LoginPageTitleTest" time="6.382" classname="com.G99Bank.qa.Testcases.LoginPageTest"/>
  <testcase name="G99LogoTest" time="11.732" classname="com.G99Bank.qa.Testcases.LoginPageTest"/>
  <testcase name="logintest" time="9.140" classname="com.G99Bank.qa.Testcases.LoginPageTest"/>
</testsuite> <!-- com.G99Bank.qa.Testcases.LoginPageTest -->
