<?xml version="1.0" encoding="UTF-8"?>
<!-- Generated by org.testng.reporters.JUnitReportReporter -->
<testsuite skipped="0" hostname="innoraft-Lenovo-G50-70" name="com.G99Bank.qa.Testcases.LoginPageTest" tests="3" failures="0" timestamp="02 Apr 2019 09:21:46 GMT" time="27.059" errors="0">
  <testcase name="LoginPageTitleTest" time="6.538" classname="com.G99Bank.qa.Testcases.LoginPageTest"/>
  <testcase name="G99LogoTest" time="6.990" classname="com.G99Bank.qa.Testcases.LoginPageTest"/>
  <testcase name="logintest" time="13.531" classname="com.G99Bank.qa.Testcases.LoginPageTest"/>
</testsuite> <!-- com.G99Bank.qa.Testcases.LoginPageTest -->
