<?xml version="1.0" encoding="UTF-8"?>
<!-- Generated by org.testng.reporters.JUnitReportReporter -->
<testsuite skipped="0" hostname="innoraft-Lenovo-G50-70" name="com.G99Bank.qa.Testcases.NewCustomerPageTest" tests="6" failures="0" timestamp="02 Apr 2019 09:27:14 GMT" time="85.357" errors="0">
  <testcase name="VerifyNewCustomerTitleTest" time="10.883" classname="com.G99Bank.qa.Testcases.NewCustomerPageTest"/>
  <testcase name="verifyAddCustomertextTest" time="10.810" classname="com.G99Bank.qa.Testcases.NewCustomerPageTest"/>
  <testcase name="validateNewCustomerForm" time="15.254" classname="com.G99Bank.qa.Testcases.NewCustomerPageTest"/>
  <testcase name="validateNewCustomerForm" time="15.603" classname="com.G99Bank.qa.Testcases.NewCustomerPageTest"/>
  <testcase name="validateNewCustomerForm" time="14.229" classname="com.G99Bank.qa.Testcases.NewCustomerPageTest"/>
  <testcase name="validateNewCustomerForm" time="18.578" classname="com.G99Bank.qa.Testcases.NewCustomerPageTest"/>
</testsuite> <!-- com.G99Bank.qa.Testcases.NewCustomerPageTest -->
