<?xml version="1.0" encoding="UTF-8"?>
<!-- Generated by org.testng.reporters.JUnitReportReporter -->
<testsuite skipped="0" hostname="innoraft-Lenovo-G50-70" name="com.G99Bank.qa.Testcases.NewCustomerPageTest" tests="2" failures="0" timestamp="19 Mar 2019 12:37:48 GMT" time="24.542" errors="0">
  <testcase name="VerifyNewCustomerTitleTest" time="12.318" classname="com.G99Bank.qa.Testcases.NewCustomerPageTest"/>
  <testcase name="verifyAddCustomertextTest" time="12.224" classname="com.G99Bank.qa.Testcases.NewCustomerPageTest"/>
</testsuite> <!-- com.G99Bank.qa.Testcases.NewCustomerPageTest -->
