<?xml version="1.0" encoding="UTF-8"?>
<!-- Generated by org.testng.reporters.JUnitReportReporter -->
<testsuite skipped="0" hostname="innoraft-Lenovo-G50-70" name="com.G99Bank.qa.Testcases.NewCustomerPageTest" tests="4" failures="0" timestamp="28 Mar 2019 07:08:56 GMT" time="49.164" errors="0">
  <testcase name="validateNewCustomerForm" time="10.797" classname="com.G99Bank.qa.Testcases.NewCustomerPageTest"/>
  <testcase name="validateNewCustomerForm" time="13.006" classname="com.G99Bank.qa.Testcases.NewCustomerPageTest"/>
  <testcase name="validateNewCustomerForm" time="11.955" classname="com.G99Bank.qa.Testcases.NewCustomerPageTest"/>
  <testcase name="validateNewCustomerForm" time="13.406" classname="com.G99Bank.qa.Testcases.NewCustomerPageTest"/>
</testsuite> <!-- com.G99Bank.qa.Testcases.NewCustomerPageTest -->
